[  1556.602] (--) Log file renamed from "/home/pierce/.local/share/xorg/Xorg.pid-27512.log" to "/home/pierce/.local/share/xorg/Xorg.0.log"
[  1556.602] 
X.Org X Server 1.19.6
Release Date: 2017-12-20
[  1556.602] X Protocol Version 11, Revision 0
[  1556.602] Build Operating System: Linux 4.4.0-119-generic x86_64 Ubuntu
[  1556.602] Current Operating System: Linux pierce-ThinkPad-X220 4.15.0-36-generic #39-Ubuntu SMP Mon Sep 24 16:19:09 UTC 2018 x86_64
[  1556.602] Kernel command line: BOOT_IMAGE=/boot/vmlinuz-4.15.0-36-generic root=UUID=ef08c637-8f2c-4c70-8ef6-3df230f7d97c ro quiet splash vt.handoff=1
[  1556.602] Build Date: 13 April 2018  08:07:36PM
[  1556.602] xorg-server 2:1.19.6-1ubuntu4 (For technical support please see http://www.ubuntu.com/support) 
[  1556.602] Current version of pixman: 0.34.0
[  1556.602] 	Before reporting problems, check http://wiki.x.org
	to make sure that you have the latest version.
[  1556.602] Markers: (--) probed, (**) from config file, (==) default setting,
	(++) from command line, (!!) notice, (II) informational,
	(WW) warning, (EE) error, (NI) not implemented, (??) unknown.
[  1556.602] (==) Log file: "/home/pierce/.local/share/xorg/Xorg.0.log", Time: Wed Oct  3 15:05:17 2018
[  1556.603] (==) Using system config directory "/usr/share/X11/xorg.conf.d"
[  1556.604] (==) No Layout section.  Using the first Screen section.
[  1556.604] (==) No screen section available. Using defaults.
[  1556.604] (**) |-->Screen "Default Screen Section" (0)
[  1556.604] (**) |   |-->Monitor "<default monitor>"
[  1556.605] (==) No monitor specified for screen "Default Screen Section".
	Using a default monitor configuration.
[  1556.605] (==) Automatically adding devices
[  1556.605] (==) Automatically enabling devices
[  1556.605] (==) Automatically adding GPU devices
[  1556.605] (==) Automatically binding GPU devices
[  1556.605] (==) Max clients allowed: 256, resource mask: 0x1fffff
[  1556.605] (WW) The directory "/usr/share/fonts/X11/cyrillic" does not exist.
[  1556.605] 	Entry deleted from font path.
[  1556.605] (WW) The directory "/usr/share/fonts/X11/100dpi/" does not exist.
[  1556.605] 	Entry deleted from font path.
[  1556.605] (WW) The directory "/usr/share/fonts/X11/75dpi/" does not exist.
[  1556.605] 	Entry deleted from font path.
[  1556.605] (WW) The directory "/usr/share/fonts/X11/100dpi" does not exist.
[  1556.605] 	Entry deleted from font path.
[  1556.605] (WW) The directory "/usr/share/fonts/X11/75dpi" does not exist.
[  1556.605] 	Entry deleted from font path.
[  1556.605] (==) FontPath set to:
	/usr/share/fonts/X11/misc,
	/usr/share/fonts/X11/Type1,
	built-ins
[  1556.605] (==) ModulePath set to "/usr/lib/xorg/modules"
[  1556.605] (II) The server relies on udev to provide the list of input devices.
	If no devices become available, reconfigure udev or disable AutoAddDevices.
[  1556.605] (II) Loader magic: 0x55bb72777020
[  1556.605] (II) Module ABI versions:
[  1556.605] 	X.Org ANSI C Emulation: 0.4
[  1556.605] 	X.Org Video Driver: 23.0
[  1556.605] 	X.Org XInput driver : 24.1
[  1556.605] 	X.Org Server Extension : 10.0
[  1556.606] (++) using VT number 2

[  1556.608] (II) systemd-logind: took control of session /org/freedesktop/login1/session/_34
[  1556.609] (II) xfree86: Adding drm device (/dev/dri/card0)
[  1556.610] (II) systemd-logind: got fd for /dev/dri/card0 226:0 fd 12 paused 0
[  1556.613] (--) PCI:*(0:0:2:0) 8086:0126:17aa:21da rev 9, Mem @ 0xf0000000/4194304, 0xe0000000/268435456, I/O @ 0x00005000/64, BIOS @ 0x????????/131072
[  1556.613] (II) LoadModule: "glx"
[  1556.614] (II) Loading /usr/lib/xorg/modules/extensions/libglx.so
[  1556.617] (II) Module glx: vendor="X.Org Foundation"
[  1556.617] 	compiled for 1.19.6, module version = 1.0.0
[  1556.617] 	ABI class: X.Org Server Extension, version 10.0
[  1556.617] (==) Matched modesetting as autoconfigured driver 0
[  1556.617] (==) Matched fbdev as autoconfigured driver 1
[  1556.617] (==) Matched vesa as autoconfigured driver 2
[  1556.617] (==) Assigned the driver to the xf86ConfigLayout
[  1556.617] (II) LoadModule: "modesetting"
[  1556.617] (II) Loading /usr/lib/xorg/modules/drivers/modesetting_drv.so
[  1556.617] (II) Module modesetting: vendor="X.Org Foundation"
[  1556.617] 	compiled for 1.19.6, module version = 1.19.6
[  1556.617] 	Module class: X.Org Video Driver
[  1556.617] 	ABI class: X.Org Video Driver, version 23.0
[  1556.617] (II) LoadModule: "fbdev"
[  1556.617] (II) Loading /usr/lib/xorg/modules/drivers/fbdev_drv.so
[  1556.618] (II) Module fbdev: vendor="X.Org Foundation"
[  1556.618] 	compiled for 1.19.3, module version = 0.4.4
[  1556.618] 	Module class: X.Org Video Driver
[  1556.618] 	ABI class: X.Org Video Driver, version 23.0
[  1556.618] (II) LoadModule: "vesa"
[  1556.618] (II) Loading /usr/lib/xorg/modules/drivers/vesa_drv.so
[  1556.619] (II) Module vesa: vendor="X.Org Foundation"
[  1556.619] 	compiled for 1.19.3, module version = 2.3.4
[  1556.619] 	Module class: X.Org Video Driver
[  1556.619] 	ABI class: X.Org Video Driver, version 23.0
[  1556.619] (II) modesetting: Driver for Modesetting Kernel Drivers: kms
[  1556.619] (II) FBDEV: driver for framebuffer: fbdev
[  1556.619] (II) VESA: driver for VESA chipsets: vesa
[  1556.619] xf86EnableIOPorts: failed to set IOPL for I/O (Operation not permitted)
[  1556.619] (II) modeset(0): using drv /dev/dri/card0
[  1556.619] (WW) Falling back to old probe method for fbdev
[  1556.619] (II) Loading sub module "fbdevhw"
[  1556.619] (II) LoadModule: "fbdevhw"
[  1556.619] (II) Loading /usr/lib/xorg/modules/libfbdevhw.so
[  1556.620] (II) Module fbdevhw: vendor="X.Org Foundation"
[  1556.620] 	compiled for 1.19.6, module version = 0.0.2
[  1556.620] 	ABI class: X.Org Video Driver, version 23.0
[  1556.620] (EE) open /dev/fb0: Permission denied
[  1556.620] (WW) Falling back to old probe method for vesa
[  1556.620] (WW) VGA arbiter: cannot open kernel arbiter, no multi-card support
[  1556.620] (II) modeset(0): Creating default Display subsection in Screen section
	"Default Screen Section" for depth/fbbpp 24/32
[  1556.620] (==) modeset(0): Depth 24, (==) framebuffer bpp 32
[  1556.620] (==) modeset(0): RGB weight 888
[  1556.620] (==) modeset(0): Default visual is TrueColor
[  1556.620] (II) Loading sub module "glamoregl"
[  1556.620] (II) LoadModule: "glamoregl"
[  1556.620] (II) Loading /usr/lib/xorg/modules/libglamoregl.so
[  1556.623] (II) Module glamoregl: vendor="X.Org Foundation"
[  1556.623] 	compiled for 1.19.6, module version = 1.0.0
[  1556.623] 	ABI class: X.Org ANSI C Emulation, version 0.4
[  1556.623] (II) glamor: OpenGL accelerated X.org driver based.
[  1556.636] (II) glamor: EGL version 1.4 (DRI2):
[  1556.639] (II) modeset(0): glamor initialized
[  1556.639] (II) modeset(0): Output LVDS-1 has no monitor section
[  1556.644] (II) modeset(0): Output VGA-1 has no monitor section
[  1556.860] (II) modeset(0): Output HDMI-1 has no monitor section
[  1556.860] (II) modeset(0): Output DP-1 has no monitor section
[  1556.868] (II) modeset(0): Output HDMI-2 has no monitor section
[  1556.876] (II) modeset(0): Output HDMI-3 has no monitor section
[  1556.876] (II) modeset(0): Output DP-2 has no monitor section
[  1556.876] (II) modeset(0): Output DP-3 has no monitor section
[  1556.877] (II) modeset(0): EDID for output LVDS-1
[  1556.877] (II) modeset(0): Manufacturer: AUO  Model: 106c  Serial#: 0
[  1556.877] (II) modeset(0): Year: 2010  Week: 0
[  1556.877] (II) modeset(0): EDID Version: 1.4
[  1556.877] (II) modeset(0): Digital Display Input
[  1556.877] (II) modeset(0): 6 bits per channel
[  1556.877] (II) modeset(0): Digital interface is undefined
[  1556.877] (II) modeset(0): Max Image Size [cm]: horiz.: 28  vert.: 16
[  1556.877] (II) modeset(0): Gamma: 2.20
[  1556.877] (II) modeset(0): No DPMS capabilities specified
[  1556.877] (II) modeset(0): Supported color encodings: RGB 4:4:4 
[  1556.877] (II) modeset(0): First detailed timing is preferred mode
[  1556.877] (II) modeset(0): Preferred mode is native pixel format and refresh rate
[  1556.877] (II) modeset(0): redX: 0.570 redY: 0.334   greenX: 0.328 greenY: 0.570
[  1556.877] (II) modeset(0): blueX: 0.159 blueY: 0.146   whiteX: 0.313 whiteY: 0.329
[  1556.877] (II) modeset(0): Manufacturer's mask: 0
[  1556.877] (II) modeset(0): Supported detailed timing:
[  1556.877] (II) modeset(0): clock: 69.3 MHz   Image Size:  277 x 156 mm
[  1556.877] (II) modeset(0): h_active: 1366  h_sync: 1414  h_sync_end 1446 h_blank_end 1454 h_border: 0
[  1556.877] (II) modeset(0): v_active: 768  v_sync: 771  v_sync_end 777 v_blanking: 793 v_border: 0
[  1556.877] (II) modeset(0): Unknown vendor-specific block f
[  1556.877] (II) modeset(0):  AUO
[  1556.877] (II) modeset(0):  B125XW01 V0
[  1556.877] (II) modeset(0): EDID (in hex):
[  1556.877] (II) modeset(0): 	00ffffffffffff0006af6c1000000000
[  1556.877] (II) modeset(0): 	00140104901c10780220e59255549228
[  1556.877] (II) modeset(0): 	25505400000001010101010101010101
[  1556.877] (II) modeset(0): 	010101010101121b5658500019303020
[  1556.877] (II) modeset(0): 	3600159c100000180000000f00000000
[  1556.877] (II) modeset(0): 	00000000000000000020000000fe0041
[  1556.877] (II) modeset(0): 	554f0a202020202020202020000000fe
[  1556.877] (II) modeset(0): 	004231323558573031205630200a00ec
[  1556.878] (II) modeset(0): Printing probed modes for output LVDS-1
[  1556.878] (II) modeset(0): Modeline "1366x768"x60.1   69.30  1366 1414 1446 1454  768 771 777 793 -hsync -vsync (47.7 kHz eP)
[  1556.878] (II) modeset(0): Modeline "1360x768"x59.8   84.75  1360 1432 1568 1776  768 771 781 798 -hsync +vsync (47.7 kHz d)
[  1556.878] (II) modeset(0): Modeline "1360x768"x60.0   72.00  1360 1408 1440 1520  768 771 781 790 +hsync -vsync (47.4 kHz d)
[  1556.878] (II) modeset(0): Modeline "1280x720"x120.0  156.12  1280 1376 1512 1744  720 721 724 746 doublescan -hsync +vsync (89.5 kHz d)
[  1556.878] (II) modeset(0): Modeline "1280x720"x120.0  120.75  1280 1304 1320 1360  720 721 724 740 doublescan +hsync -vsync (88.8 kHz d)
[  1556.878] (II) modeset(0): Modeline "1280x720"x59.9   74.50  1280 1344 1472 1664  720 723 728 748 -hsync +vsync (44.8 kHz d)
[  1556.878] (II) modeset(0): Modeline "1280x720"x59.7   63.75  1280 1328 1360 1440  720 723 728 741 +hsync -vsync (44.3 kHz d)
[  1556.878] (II) modeset(0): Modeline "1024x768"x120.1  133.47  1024 1100 1212 1400  768 768 770 794 doublescan -hsync +vsync (95.3 kHz d)
[  1556.878] (II) modeset(0): Modeline "1024x768"x60.0   65.00  1024 1048 1184 1344  768 771 777 806 -hsync -vsync (48.4 kHz d)
[  1556.878] (II) modeset(0): Modeline "960x720"x120.0  117.00  960 1024 1128 1300  720 720 722 750 doublescan -hsync +vsync (90.0 kHz d)
[  1556.878] (II) modeset(0): Modeline "928x696"x120.1  109.15  928 976 1088 1264  696 696 698 719 doublescan -hsync +vsync (86.4 kHz d)
[  1556.878] (II) modeset(0): Modeline "896x672"x120.0  102.40  896 960 1060 1224  672 672 674 697 doublescan -hsync +vsync (83.7 kHz d)
[  1556.878] (II) modeset(0): Modeline "1024x576"x119.9   98.50  1024 1092 1200 1376  576 577 580 597 doublescan -hsync +vsync (71.6 kHz d)
[  1556.878] (II) modeset(0): Modeline "1024x576"x119.9   78.38  1024 1048 1064 1104  576 577 580 592 doublescan +hsync -vsync (71.0 kHz d)
[  1556.878] (II) modeset(0): Modeline "1024x576"x59.9   46.50  1024 1064 1160 1296  576 579 584 599 -hsync +vsync (35.9 kHz d)
[  1556.878] (II) modeset(0): Modeline "1024x576"x59.8   42.00  1024 1072 1104 1184  576 579 584 593 +hsync -vsync (35.5 kHz d)
[  1556.878] (II) modeset(0): Modeline "960x600"x119.9   96.62  960 1028 1128 1296  600 601 604 622 doublescan -hsync +vsync (74.6 kHz d)
[  1556.878] (II) modeset(0): Modeline "960x600"x120.0   77.00  960 984 1000 1040  600 601 604 617 doublescan +hsync -vsync (74.0 kHz d)
[  1556.878] (II) modeset(0): Modeline "960x540"x119.9   86.50  960 1024 1124 1288  540 541 544 560 doublescan -hsync +vsync (67.2 kHz d)
[  1556.878] (II) modeset(0): Modeline "960x540"x120.0   69.25  960 984 1000 1040  540 541 544 555 doublescan +hsync -vsync (66.6 kHz d)
[  1556.878] (II) modeset(0): Modeline "960x540"x59.6   40.75  960 992 1088 1216  540 543 548 562 -hsync +vsync (33.5 kHz d)
[  1556.878] (II) modeset(0): Modeline "960x540"x59.8   37.25  960 1008 1040 1120  540 543 548 556 +hsync -vsync (33.3 kHz d)
[  1556.878] (II) modeset(0): Modeline "800x600"x120.0   81.00  800 832 928 1080  600 600 602 625 doublescan +hsync +vsync (75.0 kHz d)
[  1556.878] (II) modeset(0): Modeline "800x600"x60.3   40.00  800 840 968 1056  600 601 605 628 +hsync +vsync (37.9 kHz d)
[  1556.878] (II) modeset(0): Modeline "800x600"x56.2   36.00  800 824 896 1024  600 601 603 625 +hsync +vsync (35.2 kHz d)
[  1556.878] (II) modeset(0): Modeline "840x525"x120.0   73.12  840 892 980 1120  525 526 529 544 doublescan -hsync +vsync (65.3 kHz d)
[  1556.878] (II) modeset(0): Modeline "840x525"x119.8   59.50  840 864 880 920  525 526 529 540 doublescan +hsync -vsync (64.7 kHz d)
[  1556.878] (II) modeset(0): Modeline "864x486"x59.9   32.50  864 888 968 1072  486 489 494 506 -hsync +vsync (30.3 kHz d)
[  1556.878] (II) modeset(0): Modeline "864x486"x59.6   30.50  864 912 944 1024  486 489 494 500 +hsync -vsync (29.8 kHz d)
[  1556.878] (II) modeset(0): Modeline "800x512"x120.3   51.56  800 800 828 832  512 512 514 515 doublescan +hsync +vsync (62.0 kHz d)
[  1556.878] (II) modeset(0): Modeline "700x525"x120.0   61.00  700 744 820 940  525 526 532 541 doublescan +hsync +vsync (64.9 kHz d)
[  1556.878] (II) modeset(0): Modeline "800x450"x119.9   59.12  800 848 928 1056  450 451 454 467 doublescan -hsync +vsync (56.0 kHz d)
[  1556.878] (II) modeset(0): Modeline "800x450"x119.6   48.75  800 824 840 880  450 451 454 463 doublescan +hsync -vsync (55.4 kHz d)
[  1556.878] (II) modeset(0): Modeline "640x512"x120.0   54.00  640 664 720 844  512 512 514 533 doublescan +hsync +vsync (64.0 kHz d)
[  1556.878] (II) modeset(0): Modeline "720x450"x119.8   53.25  720 760 836 952  450 451 454 467 doublescan -hsync +vsync (55.9 kHz d)
[  1556.878] (II) modeset(0): Modeline "700x450"x119.9   51.75  700 740 812 924  450 451 456 467 doublescan -hsync +vsync (56.0 kHz d)
[  1556.878] (II) modeset(0): Modeline "700x450"x119.8   43.25  700 724 740 780  450 451 456 463 doublescan +hsync -vsync (55.4 kHz d)
[  1556.878] (II) modeset(0): Modeline "640x480"x120.0   54.00  640 688 744 900  480 480 482 500 doublescan +hsync +vsync (60.0 kHz d)
[  1556.878] (II) modeset(0): Modeline "640x480"x59.9   25.18  640 656 752 800  480 490 492 525 -hsync -vsync (31.5 kHz d)
[  1556.878] (II) modeset(0): Modeline "720x405"x59.5   22.50  720 744 808 896  405 408 413 422 -hsync +vsync (25.1 kHz d)
[  1556.878] (II) modeset(0): Modeline "720x405"x59.0   21.75  720 768 800 880  405 408 413 419 +hsync -vsync (24.7 kHz d)
[  1556.878] (II) modeset(0): Modeline "684x384"x119.8   42.62  684 720 788 892  384 385 390 399 doublescan -hsync +vsync (47.8 kHz d)
[  1556.879] (II) modeset(0): Modeline "684x384"x119.7   36.12  684 708 724 764  384 385 390 395 doublescan +hsync -vsync (47.3 kHz d)
[  1556.879] (II) modeset(0): Modeline "680x384"x119.6   42.38  680 716 784 888  384 385 390 399 doublescan -hsync +vsync (47.7 kHz d)
[  1556.879] (II) modeset(0): Modeline "680x384"x119.9   36.00  680 704 720 760  384 385 390 395 doublescan +hsync -vsync (47.4 kHz d)
[  1556.879] (II) modeset(0): Modeline "640x400"x119.8   41.75  640 676 740 840  400 401 404 415 doublescan -hsync +vsync (49.7 kHz d)
[  1556.879] (II) modeset(0): Modeline "640x400"x120.0   35.50  640 664 680 720  400 401 404 411 doublescan +hsync -vsync (49.3 kHz d)
[  1556.879] (II) modeset(0): Modeline "576x432"x120.1   40.81  576 608 668 760  432 432 434 447 doublescan -hsync +vsync (53.7 kHz d)
[  1556.879] (II) modeset(0): Modeline "640x360"x119.7   37.25  640 672 736 832  360 361 364 374 doublescan -hsync +vsync (44.8 kHz d)
[  1556.879] (II) modeset(0): Modeline "640x360"x119.7   31.88  640 664 680 720  360 361 364 370 doublescan +hsync -vsync (44.3 kHz d)
[  1556.879] (II) modeset(0): Modeline "640x360"x59.8   18.00  640 664 720 800  360 363 368 376 -hsync +vsync (22.5 kHz d)
[  1556.879] (II) modeset(0): Modeline "640x360"x59.3   17.75  640 688 720 800  360 363 368 374 +hsync -vsync (22.2 kHz d)
[  1556.879] (II) modeset(0): Modeline "512x384"x120.0   32.50  512 524 592 672  384 385 388 403 doublescan -hsync -vsync (48.4 kHz d)
[  1556.879] (II) modeset(0): Modeline "512x288"x120.0   23.25  512 532 580 648  288 289 292 299 doublescan -hsync +vsync (35.9 kHz d)
[  1556.879] (II) modeset(0): Modeline "512x288"x119.8   21.00  512 536 552 592  288 289 292 296 doublescan +hsync -vsync (35.5 kHz d)
[  1556.879] (II) modeset(0): Modeline "480x270"x119.3   20.38  480 496 544 608  270 271 274 281 doublescan -hsync +vsync (33.5 kHz d)
[  1556.879] (II) modeset(0): Modeline "480x270"x119.6   18.62  480 504 520 560  270 271 274 278 doublescan +hsync -vsync (33.3 kHz d)
[  1556.879] (II) modeset(0): Modeline "400x300"x120.6   20.00  400 420 484 528  300 300 302 314 doublescan +hsync +vsync (37.9 kHz d)
[  1556.879] (II) modeset(0): Modeline "400x300"x112.7   18.00  400 412 448 512  300 300 301 312 doublescan +hsync +vsync (35.2 kHz d)
[  1556.879] (II) modeset(0): Modeline "432x243"x119.8   16.25  432 444 484 536  243 244 247 253 doublescan -hsync +vsync (30.3 kHz d)
[  1556.879] (II) modeset(0): Modeline "432x243"x119.1   15.25  432 456 472 512  243 244 247 250 doublescan +hsync -vsync (29.8 kHz d)
[  1556.879] (II) modeset(0): Modeline "320x240"x120.1   12.59  320 328 376 400  240 245 246 262 doublescan -hsync -vsync (31.5 kHz d)
[  1556.879] (II) modeset(0): Modeline "360x202"x119.0   11.25  360 372 404 448  202 204 206 211 doublescan -hsync +vsync (25.1 kHz d)
[  1556.879] (II) modeset(0): Modeline "360x202"x118.3   10.88  360 384 400 440  202 204 206 209 doublescan +hsync -vsync (24.7 kHz d)
[  1556.879] (II) modeset(0): Modeline "320x180"x119.7    9.00  320 332 360 400  180 181 184 188 doublescan -hsync +vsync (22.5 kHz d)
[  1556.879] (II) modeset(0): Modeline "320x180"x118.6    8.88  320 344 360 400  180 181 184 187 doublescan +hsync -vsync (22.2 kHz d)
[  1556.884] (II) modeset(0): EDID for output VGA-1
[  1557.100] (II) modeset(0): EDID for output HDMI-1
[  1557.100] (II) modeset(0): EDID for output DP-1
[  1557.109] (II) modeset(0): EDID for output HDMI-2
[  1557.118] (II) modeset(0): EDID for output HDMI-3
[  1557.118] (II) modeset(0): EDID for output DP-2
[  1557.118] (II) modeset(0): EDID for output DP-3
[  1557.118] (II) modeset(0): Output LVDS-1 connected
[  1557.118] (II) modeset(0): Output VGA-1 disconnected
[  1557.118] (II) modeset(0): Output HDMI-1 disconnected
[  1557.118] (II) modeset(0): Output DP-1 disconnected
[  1557.118] (II) modeset(0): Output HDMI-2 disconnected
[  1557.118] (II) modeset(0): Output HDMI-3 disconnected
[  1557.118] (II) modeset(0): Output DP-2 disconnected
[  1557.118] (II) modeset(0): Output DP-3 disconnected
[  1557.118] (II) modeset(0): Using exact sizes for initial modes
[  1557.118] (II) modeset(0): Output LVDS-1 using initial mode 1366x768 +0+0
[  1557.118] (==) modeset(0): Using gamma correction (1.0, 1.0, 1.0)
[  1557.118] (==) modeset(0): DPI set to (96, 96)
[  1557.118] (II) Loading sub module "fb"
[  1557.118] (II) LoadModule: "fb"
[  1557.118] (II) Loading /usr/lib/xorg/modules/libfb.so
[  1557.119] (II) Module fb: vendor="X.Org Foundation"
[  1557.119] 	compiled for 1.19.6, module version = 1.0.0
[  1557.119] 	ABI class: X.Org ANSI C Emulation, version 0.4
[  1557.119] (II) UnloadModule: "fbdev"
[  1557.119] (II) Unloading fbdev
[  1557.119] (II) UnloadSubModule: "fbdevhw"
[  1557.119] (II) Unloading fbdevhw
[  1557.119] (II) UnloadModule: "vesa"
[  1557.119] (II) Unloading vesa
[  1557.120] (==) Depth 24 pixmap format is 32 bpp
[  1557.198] (==) modeset(0): Backing store enabled
[  1557.199] (==) modeset(0): Silken mouse enabled
[  1557.199] (II) modeset(0): RandR 1.2 enabled, ignore the following RandR disabled message.
[  1557.227] (==) modeset(0): DPMS enabled
[  1557.227] (II) modeset(0): [DRI2] Setup complete
[  1557.227] (II) modeset(0): [DRI2]   DRI driver: i965
[  1557.227] (II) modeset(0): [DRI2]   VDPAU driver: i965
[  1557.227] (--) RandR disabled
[  1557.229] (II) SELinux: Disabled on system
[  1557.243] (II) AIGLX: enabled GLX_MESA_copy_sub_buffer
[  1557.243] (II) AIGLX: enabled GLX_ARB_create_context
[  1557.243] (II) AIGLX: enabled GLX_ARB_create_context_profile
[  1557.243] (II) AIGLX: enabled GLX_EXT_create_context_es{,2}_profile
[  1557.243] (II) AIGLX: enabled GLX_INTEL_swap_event
[  1557.243] (II) AIGLX: enabled GLX_SGI_swap_control
[  1557.243] (II) AIGLX: enabled GLX_EXT_framebuffer_sRGB
[  1557.243] (II) AIGLX: enabled GLX_ARB_fbconfig_float
[  1557.243] (II) AIGLX: enabled GLX_EXT_fbconfig_packed_float
[  1557.243] (II) AIGLX: GLX_EXT_texture_from_pixmap backed by buffer objects
[  1557.243] (II) AIGLX: enabled GLX_ARB_create_context_robustness
[  1557.243] (II) AIGLX: Loaded and initialized i965
[  1557.243] (II) GLX: Initialized DRI2 GL provider for screen 0
[  1557.245] (II) modeset(0): Damage tracking initialized
[  1557.245] (II) modeset(0): Setting screen physical size to 361 x 203
[  1557.282] (II) config/udev: Adding input device Power Button (/dev/input/event2)
[  1557.282] (**) Power Button: Applying InputClass "libinput keyboard catchall"
[  1557.282] (II) LoadModule: "libinput"
[  1557.282] (II) Loading /usr/lib/xorg/modules/input/libinput_drv.so
[  1557.283] (II) Module libinput: vendor="X.Org Foundation"
[  1557.283] 	compiled for 1.19.6, module version = 0.27.1
[  1557.283] 	Module class: X.Org XInput Driver
[  1557.283] 	ABI class: X.Org XInput driver, version 24.1
[  1557.283] (II) Using input driver 'libinput' for 'Power Button'
[  1557.284] (II) systemd-logind: got fd for /dev/input/event2 13:66 fd 21 paused 0
[  1557.284] (**) Power Button: always reports core events
[  1557.284] (**) Option "Device" "/dev/input/event2"
[  1557.284] (**) Option "_source" "server/udev"
[  1557.285] (II) event2  - Power Button: is tagged by udev as: Keyboard
[  1557.285] (II) event2  - Power Button: device is a keyboard
[  1557.285] (II) event2  - Power Button: device removed
[  1557.285] (**) Option "config_info" "udev:/sys/devices/LNXSYSTM:00/LNXPWRBN:00/input/input2/event2"
[  1557.285] (II) XINPUT: Adding extended input device "Power Button" (type: KEYBOARD, id 6)
[  1557.285] (**) Option "xkb_model" "pc105"
[  1557.285] (**) Option "xkb_layout" "us"
[  1557.286] (II) event2  - Power Button: is tagged by udev as: Keyboard
[  1557.286] (II) event2  - Power Button: device is a keyboard
[  1557.286] (II) config/udev: Adding input device Video Bus (/dev/input/event4)
[  1557.286] (**) Video Bus: Applying InputClass "libinput keyboard catchall"
[  1557.286] (II) Using input driver 'libinput' for 'Video Bus'
[  1557.288] (II) systemd-logind: got fd for /dev/input/event4 13:68 fd 24 paused 0
[  1557.288] (**) Video Bus: always reports core events
[  1557.288] (**) Option "Device" "/dev/input/event4"
[  1557.288] (**) Option "_source" "server/udev"
[  1557.289] (II) event4  - Video Bus: is tagged by udev as: Keyboard
[  1557.289] (II) event4  - Video Bus: device is a keyboard
[  1557.289] (II) event4  - Video Bus: device removed
[  1557.289] (**) Option "config_info" "udev:/sys/devices/LNXSYSTM:00/LNXSYBUS:00/PNP0A08:00/LNXVIDEO:00/input/input6/event4"
[  1557.289] (II) XINPUT: Adding extended input device "Video Bus" (type: KEYBOARD, id 7)
[  1557.289] (**) Option "xkb_model" "pc105"
[  1557.289] (**) Option "xkb_layout" "us"
[  1557.289] (II) event4  - Video Bus: is tagged by udev as: Keyboard
[  1557.289] (II) event4  - Video Bus: device is a keyboard
[  1557.290] (II) config/udev: Adding input device Lid Switch (/dev/input/event0)
[  1557.290] (II) No input driver specified, ignoring this device.
[  1557.290] (II) This device may have been added with another device file.
[  1557.290] (II) config/udev: Adding input device Sleep Button (/dev/input/event1)
[  1557.290] (**) Sleep Button: Applying InputClass "libinput keyboard catchall"
[  1557.290] (II) Using input driver 'libinput' for 'Sleep Button'
[  1557.296] (II) systemd-logind: got fd for /dev/input/event1 13:65 fd 25 paused 0
[  1557.296] (**) Sleep Button: always reports core events
[  1557.296] (**) Option "Device" "/dev/input/event1"
[  1557.296] (**) Option "_source" "server/udev"
[  1557.296] (II) event1  - Sleep Button: is tagged by udev as: Keyboard
[  1557.296] (II) event1  - Sleep Button: device is a keyboard
[  1557.296] (II) event1  - Sleep Button: device removed
[  1557.296] (**) Option "config_info" "udev:/sys/devices/LNXSYSTM:00/LNXSYBUS:00/PNP0C0E:00/input/input1/event1"
[  1557.296] (II) XINPUT: Adding extended input device "Sleep Button" (type: KEYBOARD, id 8)
[  1557.296] (**) Option "xkb_model" "pc105"
[  1557.296] (**) Option "xkb_layout" "us"
[  1557.297] (II) event1  - Sleep Button: is tagged by udev as: Keyboard
[  1557.297] (II) event1  - Sleep Button: device is a keyboard
[  1557.298] (II) config/udev: Adding input device Integrated Camera: Integrated C (/dev/input/event16)
[  1557.298] (**) Integrated Camera: Integrated C: Applying InputClass "libinput keyboard catchall"
[  1557.298] (II) Using input driver 'libinput' for 'Integrated Camera: Integrated C'
[  1557.299] (II) systemd-logind: got fd for /dev/input/event16 13:80 fd 26 paused 0
[  1557.299] (**) Integrated Camera: Integrated C: always reports core events
[  1557.299] (**) Option "Device" "/dev/input/event16"
[  1557.299] (**) Option "_source" "server/udev"
[  1557.300] (II) event16 - Integrated Camera: Integrated C: is tagged by udev as: Keyboard
[  1557.300] (II) event16 - Integrated Camera: Integrated C: device is a keyboard
[  1557.300] (II) event16 - Integrated Camera: Integrated C: device removed
[  1557.300] (**) Option "config_info" "udev:/sys/devices/pci0000:00/0000:00:1a.0/usb1/1-1/1-1.6/1-1.6:1.0/input/input17/event16"
[  1557.300] (II) XINPUT: Adding extended input device "Integrated Camera: Integrated C" (type: KEYBOARD, id 9)
[  1557.300] (**) Option "xkb_model" "pc105"
[  1557.300] (**) Option "xkb_layout" "us"
[  1557.301] (II) event16 - Integrated Camera: Integrated C: is tagged by udev as: Keyboard
[  1557.301] (II) event16 - Integrated Camera: Integrated C: device is a keyboard
[  1557.301] (II) config/udev: Adding input device HDA Intel PCH Mic (/dev/input/event9)
[  1557.301] (II) No input driver specified, ignoring this device.
[  1557.301] (II) This device may have been added with another device file.
[  1557.302] (II) config/udev: Adding input device HDA Intel PCH Dock Mic (/dev/input/event10)
[  1557.302] (II) No input driver specified, ignoring this device.
[  1557.302] (II) This device may have been added with another device file.
[  1557.302] (II) config/udev: Adding input device HDA Intel PCH Dock Headphone (/dev/input/event11)
[  1557.302] (II) No input driver specified, ignoring this device.
[  1557.302] (II) This device may have been added with another device file.
[  1557.302] (II) config/udev: Adding input device HDA Intel PCH Headphone (/dev/input/event12)
[  1557.302] (II) No input driver specified, ignoring this device.
[  1557.302] (II) This device may have been added with another device file.
[  1557.303] (II) config/udev: Adding input device HDA Intel PCH HDMI/DP,pcm=3 (/dev/input/event13)
[  1557.303] (II) No input driver specified, ignoring this device.
[  1557.303] (II) This device may have been added with another device file.
[  1557.303] (II) config/udev: Adding input device HDA Intel PCH HDMI/DP,pcm=7 (/dev/input/event14)
[  1557.303] (II) No input driver specified, ignoring this device.
[  1557.303] (II) This device may have been added with another device file.
[  1557.304] (II) config/udev: Adding input device HDA Intel PCH HDMI/DP,pcm=8 (/dev/input/event15)
[  1557.304] (II) No input driver specified, ignoring this device.
[  1557.304] (II) This device may have been added with another device file.
[  1557.304] (II) config/udev: Adding input device YSTEK G Mouse (/dev/input/event5)
[  1557.304] (**) YSTEK G Mouse: Applying InputClass "libinput pointer catchall"
[  1557.304] (II) Using input driver 'libinput' for 'YSTEK G Mouse'
[  1557.365] (II) systemd-logind: got fd for /dev/input/event5 13:69 fd 27 paused 0
[  1557.365] (**) YSTEK G Mouse: always reports core events
[  1557.365] (**) Option "Device" "/dev/input/event5"
[  1557.365] (**) Option "_source" "server/udev"
[  1557.367] (II) event5  - YSTEK G Mouse: is tagged by udev as: Mouse
[  1557.367] (II) event5  - YSTEK G Mouse: device is a pointer
[  1557.367] (II) event5  - YSTEK G Mouse: device removed
[  1557.368] (**) Option "config_info" "udev:/sys/devices/pci0000:00/0000:00:1d.0/usb2/2-1/2-1.1/2-1.1:1.0/0003:276D:1119.0001/input/input7/event5"
[  1557.368] (II) XINPUT: Adding extended input device "YSTEK G Mouse" (type: MOUSE, id 10)
[  1557.369] (**) Option "AccelerationScheme" "none"
[  1557.369] (**) YSTEK G Mouse: (accel) selected scheme none/0
[  1557.369] (**) YSTEK G Mouse: (accel) acceleration factor: 2.000
[  1557.369] (**) YSTEK G Mouse: (accel) acceleration threshold: 4
[  1557.371] (II) event5  - YSTEK G Mouse: is tagged by udev as: Mouse
[  1557.371] (II) event5  - YSTEK G Mouse: device is a pointer
[  1557.374] (II) config/udev: Adding input device YSTEK G Mouse (/dev/input/mouse0)
[  1557.374] (II) No input driver specified, ignoring this device.
[  1557.374] (II) This device may have been added with another device file.
[  1557.375] (II) config/udev: Adding input device AT Translated Set 2 keyboard (/dev/input/event3)
[  1557.375] (**) AT Translated Set 2 keyboard: Applying InputClass "libinput keyboard catchall"
[  1557.375] (II) Using input driver 'libinput' for 'AT Translated Set 2 keyboard'
[  1557.377] (II) systemd-logind: got fd for /dev/input/event3 13:67 fd 28 paused 0
[  1557.377] (**) AT Translated Set 2 keyboard: always reports core events
[  1557.377] (**) Option "Device" "/dev/input/event3"
[  1557.377] (**) Option "_source" "server/udev"
[  1557.377] (II) event3  - AT Translated Set 2 keyboard: is tagged by udev as: Keyboard
[  1557.377] (II) event3  - AT Translated Set 2 keyboard: device is a keyboard
[  1557.377] (II) event3  - AT Translated Set 2 keyboard: device removed
[  1557.377] (**) Option "config_info" "udev:/sys/devices/platform/i8042/serio0/input/input3/event3"
[  1557.377] (II) XINPUT: Adding extended input device "AT Translated Set 2 keyboard" (type: KEYBOARD, id 11)
[  1557.377] (**) Option "xkb_model" "pc105"
[  1557.378] (**) Option "xkb_layout" "us"
[  1557.378] (II) event3  - AT Translated Set 2 keyboard: is tagged by udev as: Keyboard
[  1557.378] (II) event3  - AT Translated Set 2 keyboard: device is a keyboard
[  1557.379] (II) config/udev: Adding input device SynPS/2 Synaptics TouchPad (/dev/input/event6)
[  1557.379] (**) SynPS/2 Synaptics TouchPad: Applying InputClass "libinput touchpad catchall"
[  1557.379] (II) Using input driver 'libinput' for 'SynPS/2 Synaptics TouchPad'
[  1557.380] (II) systemd-logind: got fd for /dev/input/event6 13:70 fd 29 paused 0
[  1557.380] (**) SynPS/2 Synaptics TouchPad: always reports core events
[  1557.380] (**) Option "Device" "/dev/input/event6"
[  1557.380] (**) Option "_source" "server/udev"
[  1557.380] (II) event6  - SynPS/2 Synaptics TouchPad: is tagged by udev as: Touchpad
[  1557.380] (II) event6  - SynPS/2 Synaptics TouchPad: device is a touchpad
[  1557.380] (II) event6  - SynPS/2 Synaptics TouchPad: device removed
[  1557.380] (**) Option "config_info" "udev:/sys/devices/platform/i8042/serio1/input/input5/event6"
[  1557.380] (II) XINPUT: Adding extended input device "SynPS/2 Synaptics TouchPad" (type: TOUCHPAD, id 12)
[  1557.381] (**) Option "AccelerationScheme" "none"
[  1557.381] (**) SynPS/2 Synaptics TouchPad: (accel) selected scheme none/0
[  1557.381] (**) SynPS/2 Synaptics TouchPad: (accel) acceleration factor: 2.000
[  1557.381] (**) SynPS/2 Synaptics TouchPad: (accel) acceleration threshold: 4
[  1557.381] (II) event6  - SynPS/2 Synaptics TouchPad: is tagged by udev as: Touchpad
[  1557.381] (II) event6  - SynPS/2 Synaptics TouchPad: device is a touchpad
[  1557.382] (II) config/udev: Adding input device SynPS/2 Synaptics TouchPad (/dev/input/mouse1)
[  1557.382] (II) No input driver specified, ignoring this device.
[  1557.382] (II) This device may have been added with another device file.
[  1557.382] (II) config/udev: Adding input device TPPS/2 IBM TrackPoint (/dev/input/event7)
[  1557.382] (**) TPPS/2 IBM TrackPoint: Applying InputClass "libinput pointer catchall"
[  1557.382] (II) Using input driver 'libinput' for 'TPPS/2 IBM TrackPoint'
[  1557.383] (II) systemd-logind: got fd for /dev/input/event7 13:71 fd 30 paused 0
[  1557.383] (**) TPPS/2 IBM TrackPoint: always reports core events
[  1557.383] (**) Option "Device" "/dev/input/event7"
[  1557.383] (**) Option "_source" "server/udev"
[  1557.384] (II) event7  - TPPS/2 IBM TrackPoint: is tagged by udev as: Mouse Pointingstick
[  1557.384] (II) event7  - TPPS/2 IBM TrackPoint: trackpoint device set to range 31
[  1557.384] (II) event7  - TPPS/2 IBM TrackPoint: device is a pointer
[  1557.384] (II) event7  - TPPS/2 IBM TrackPoint: device removed
[  1557.384] (**) Option "config_info" "udev:/sys/devices/platform/i8042/serio1/serio2/input/input8/event7"
[  1557.384] (II) XINPUT: Adding extended input device "TPPS/2 IBM TrackPoint" (type: MOUSE, id 13)
[  1557.384] (**) Option "AccelerationScheme" "none"
[  1557.384] (**) TPPS/2 IBM TrackPoint: (accel) selected scheme none/0
[  1557.384] (**) TPPS/2 IBM TrackPoint: (accel) acceleration factor: 2.000
[  1557.384] (**) TPPS/2 IBM TrackPoint: (accel) acceleration threshold: 4
[  1557.385] (II) event7  - TPPS/2 IBM TrackPoint: is tagged by udev as: Mouse Pointingstick
[  1557.385] (II) event7  - TPPS/2 IBM TrackPoint: trackpoint device set to range 31
[  1557.385] (II) event7  - TPPS/2 IBM TrackPoint: device is a pointer
[  1557.385] (II) config/udev: Adding input device TPPS/2 IBM TrackPoint (/dev/input/mouse2)
[  1557.385] (II) No input driver specified, ignoring this device.
[  1557.385] (II) This device may have been added with another device file.
[  1557.388] (II) config/udev: Adding input device ThinkPad Extra Buttons (/dev/input/event8)
[  1557.388] (**) ThinkPad Extra Buttons: Applying InputClass "libinput keyboard catchall"
[  1557.388] (II) Using input driver 'libinput' for 'ThinkPad Extra Buttons'
[  1557.389] (II) systemd-logind: got fd for /dev/input/event8 13:72 fd 31 paused 0
[  1557.389] (**) ThinkPad Extra Buttons: always reports core events
[  1557.389] (**) Option "Device" "/dev/input/event8"
[  1557.389] (**) Option "_source" "server/udev"
[  1557.390] (II) event8  - ThinkPad Extra Buttons: is tagged by udev as: Keyboard Switch
[  1557.390] (II) event8  - ThinkPad Extra Buttons: device is a keyboard
[  1557.390] (II) event8  - ThinkPad Extra Buttons: device is a switch device
[  1557.390] (II) event8  - ThinkPad Extra Buttons: device removed
[  1557.390] (**) Option "config_info" "udev:/sys/devices/platform/thinkpad_acpi/input/input9/event8"
[  1557.390] (II) XINPUT: Adding extended input device "ThinkPad Extra Buttons" (type: KEYBOARD, id 14)
[  1557.390] (**) Option "xkb_model" "pc105"
[  1557.390] (**) Option "xkb_layout" "us"
[  1557.391] (II) event8  - ThinkPad Extra Buttons: is tagged by udev as: Keyboard Switch
[  1557.391] (II) event8  - ThinkPad Extra Buttons: device is a keyboard
[  1557.391] (II) event8  - ThinkPad Extra Buttons: device is a switch device
[  1557.903] (II) modeset(0): EDID vendor "AUO", prod id 4204
[  1557.903] (II) modeset(0): Printing DDC gathered Modelines:
[  1557.903] (II) modeset(0): Modeline "1366x768"x0.0   69.30  1366 1414 1446 1454  768 771 777 793 -hsync -vsync (47.7 kHz eP)
